<?xml version="1.0" encoding="UTF-8"?>
<testsuite xmlns:xsi="http://www.w3.org/2001/XMLSchema-instance" xsi:noNamespaceSchemaLocation="https://maven.apache.org/surefire/maven-surefire-plugin/xsd/surefire-test-report.xsd" version="3.0.2" name="com.example.demo.Assignment2ApplicationTests" time="5.654" tests="1" errors="0" skipped="0" failures="0">
  <properties>
[...]
</properties>
  <testcase name="contextLoads" classname="com.example.demo.Assignment2ApplicationTests" time="1.188">
    <system-out><![CDATA[12:12:50.500 [main] INFO org.springframework.test.context.support.AnnotationConfigContextLoaderUtils -- Could not detect default configuration classes for test class [com.example.demo.Assignment2ApplicationTests]: Assignment2ApplicationTests does not declare any static, non-private, non-final, nested classes annotated with @Configuration.
12:12:50.817 [main] INFO org.springframework.boot.test.context.SpringBootTestContextBootstrapper -- Found @SpringBootConfiguration com.example.demo.Assignment2Application for test class com.example.demo.Assignment2ApplicationTests
12:12:51.328 [main] INFO org.springframework.boot.devtools.restart.RestartApplicationListener -- Restart disabled due to context in which it is running

  .   ____          _            __ _ _
 /\\ / ___'_ __ _ _(_)_ __  __ _ \ \ \ \
( ( )\___ | '_ | '_| | '_ \/ _` | \ \ \ \
 \\/  ___)| |_)| | | | | || (_| |  ) ) ) )
  '  |____| .__|_| |_|_| |_\__, | / / / /
 =========|_|==============|___/=/_/_/_/

 :: Spring Boot ::                (v3.5.6)

2025-10-08T12:12:52.092+05:30  INFO 12908 --- [assignment2] [           main] c.e.demo.Assignment2ApplicationTests     : Starting Assignment2ApplicationTests using Java 24.0.2 with PID 12908 (started by Gagandeep.Singh in C:\Users\Gagandeep.Singh\Desktop\demo)
2025-10-08T12:12:52.096+05:30  INFO 12908 --- [assignment2] [           main] c.e.demo.Assignment2ApplicationTests     : No active profile set, falling back to 1 default profile: "default"
2025-10-08T12:12:54.053+05:30  WARN 12908 --- [assignment2] [           main] .s.s.UserDetailsServiceAutoConfiguration : 

Using generated security password: 3214ddd4-41fd-4dc6-b9a3-a71a1549097f

This generated password is for development use only. Your security configuration must be updated before running your application in production.

2025-10-08T12:12:54.067+05:30  INFO 12908 --- [assignment2] [           main] r$InitializeUserDetailsManagerConfigurer : Global AuthenticationManager configured with UserDetailsService bean with name inMemoryUserDetailsManager
2025-10-08T12:12:54.675+05:30  INFO 12908 --- [assignment2] [           main] c.e.demo.Assignment2ApplicationTests     : Started Assignment2ApplicationTests in 3.374 seconds (process running for 5.932)
]]></system-out>
    <system-err><![CDATA[Mockito is currently self-attaching to enable the inline-mock-maker. This will no longer work in future releases of the JDK. Please add Mockito as an agent to your build as described in Mockito's documentation: https://javadoc.io/doc/org.mockito/mockito-core/latest/org.mockito/org/mockito/Mockito.html#0.3
WARNING: A Java agent has been loaded dynamically (C:\Users\Gagandeep.Singh\.m2\repository\net\bytebuddy\byte-buddy-agent\1.17.7\byte-buddy-agent-1.17.7.jar)
WARNING: If a serviceability tool is in use, please run with -XX:+EnableDynamicAgentLoading to hide this warning
WARNING: If a serviceability tool is not in use, please run with -Djdk.instrument.traceUsage for more information
WARNING: Dynamic loading of agents will be disallowed by default in a future release
]]></system-err>
  </testcase>
</testsuite>